<?xml version="1.0" encoding="UTF-8"?>
<!-- Generated by org.testng.reporters.JUnitReportReporter -->
<testsuite hostname="Cielos-MacBook-Pro.local" name="com.confluence.testdata.ExcelUtils" tests="1" failures="0" timestamp="12 Mar 2016 07:52:10 GMT" time="2.765" errors="0">
  <testcase name="test" time="2.765" classname="com.confluence.testdata.ExcelUtils"/>
</testsuite> <!-- com.confluence.testdata.ExcelUtils -->
