<?xml version="1.0" encoding="UTF-8"?>
<!-- Generated by org.testng.reporters.JUnitReportReporter -->
<testsuite hostname="Cielos-MacBook-Pro.local" name="com.confluence.testdata.Constant" tests="1" failures="0" timestamp="12 Mar 2016 05:43:56 GMT" time="0.012" errors="0">
  <testcase name="printpath" time="0.012" classname="com.confluence.testdata.Constant"/>
</testsuite> <!-- com.confluence.testdata.Constant -->
