<?xml version="1.0" encoding="UTF-8"?>
<!-- Generated by org.testng.reporters.JUnitReportReporter -->
<testsuite hostname="Cielos-MacBook-Pro.local" name="com.confluence.test.EditRestrictionsOnExistingPage$CreateNewPageTest_Blank" tests="2" failures="0" timestamp="20 Mar 2016 11:37:06 GMT" time="90.460" errors="0">
  <testcase name="SetRestrictions" time="41.049" classname="com.confluence.test.EditRestrictionsOnExistingPage$CreateNewPageTest_Blank"/>
  <testcase name="SetRestrictions" time="49.411" classname="com.confluence.test.EditRestrictionsOnExistingPage$CreateNewPageTest_Blank"/>
</testsuite> <!-- com.confluence.test.EditRestrictionsOnExistingPage$CreateNewPageTest_Blank -->
