<?xml version="1.0" encoding="UTF-8"?>
<!-- Generated by org.testng.reporters.JUnitReportReporter -->
<testsuite hostname="Cielos-MacBook-Pro.local" name="com.confluence.test.CreateNewPageTest_Blank" tests="5" failures="0" timestamp="20 Mar 2016 11:35:11 GMT" time="280.300" errors="0">
  <testcase name="CreateNewBlankPage" time="54.262" classname="com.confluence.test.CreateNewPageTest_Blank"/>
  <testcase name="CreateNewBlankPage" time="46.606" classname="com.confluence.test.CreateNewPageTest_Blank"/>
  <testcase name="CreateNewBlankPage" time="80.411" classname="com.confluence.test.CreateNewPageTest_Blank"/>
  <testcase name="CreateNewBlankPage" time="44.149" classname="com.confluence.test.CreateNewPageTest_Blank"/>
  <testcase name="CreateNewBlankPage" time="54.872" classname="com.confluence.test.CreateNewPageTest_Blank"/>
</testsuite> <!-- com.confluence.test.CreateNewPageTest_Blank -->
