<?xml version="1.0" encoding="UTF-8"?>
<!-- Generated by org.testng.reporters.JUnitReportReporter -->
<testsuite hostname="Cielos-MacBook-Pro.local" name="com.confluence.test.CreateNewPageTest_Blank" tests="5" failures="0" timestamp="13 Mar 2016 09:38:29 GMT" time="685.069" errors="0">
  <testcase name="CreateNewBlankPage" time="152.447" classname="com.confluence.test.CreateNewPageTest_Blank"/>
  <testcase name="CreateNewBlankPage" time="129.856" classname="com.confluence.test.CreateNewPageTest_Blank"/>
  <testcase name="CreateNewBlankPage" time="179.485" classname="com.confluence.test.CreateNewPageTest_Blank"/>
  <testcase name="CreateNewBlankPage" time="119.727" classname="com.confluence.test.CreateNewPageTest_Blank"/>
  <testcase name="CreateNewBlankPage" time="103.554" classname="com.confluence.test.CreateNewPageTest_Blank"/>
</testsuite> <!-- com.confluence.test.CreateNewPageTest_Blank -->
