<?xml version="1.0" encoding="UTF-8"?>
<!-- Generated by org.testng.reporters.JUnitReportReporter -->
<testsuite hostname="Cielos-MacBook-Pro.local" name="com.confluence.test.EditRestrictionsOnExistingPage$CreateNewPageTest_Blank" tests="2" failures="0" timestamp="13 Mar 2016 09:26:47 GMT" time="275.604" errors="0">
  <testcase name="SetRestrictions" time="115.426" classname="com.confluence.test.EditRestrictionsOnExistingPage$CreateNewPageTest_Blank"/>
  <testcase name="SetRestrictions" time="160.178" classname="com.confluence.test.EditRestrictionsOnExistingPage$CreateNewPageTest_Blank"/>
</testsuite> <!-- com.confluence.test.EditRestrictionsOnExistingPage$CreateNewPageTest_Blank -->
