<?xml version="1.0" encoding="UTF-8"?>
<!-- Generated by org.testng.reporters.JUnitReportReporter -->
<testsuite hostname="Cielos-MacBook-Pro.local" name="com.confluence.test.CreateNewPageTest_Blank" tests="5" failures="0" timestamp="13 Mar 2016 12:48:06 GMT" time="1703.268" errors="0">
  <testcase name="CreateNewBlankPage" time="288.182" classname="com.confluence.test.CreateNewPageTest_Blank"/>
  <testcase name="CreateNewBlankPage" time="372.213" classname="com.confluence.test.CreateNewPageTest_Blank"/>
  <testcase name="CreateNewBlankPage" time="301.497" classname="com.confluence.test.CreateNewPageTest_Blank"/>
  <testcase name="CreateNewBlankPage" time="389.472" classname="com.confluence.test.CreateNewPageTest_Blank"/>
  <testcase name="CreateNewBlankPage" time="351.904" classname="com.confluence.test.CreateNewPageTest_Blank"/>
</testsuite> <!-- com.confluence.test.CreateNewPageTest_Blank -->
